2024/08/18 04:41:26.041488 [service.getuserbyusername]error in getting user by username  record not found
2024/08/18 05:05:54.343736 [controllers.GetTasksByID] invalid task_id path parameter: true
2024/08/18 05:06:38.221245 [controllers.GetTasksByID] invalid task_id path parameter: true
2024/08/18 05:17:17.352302 [repository.edituserpassword]error in updated user password unsupported data type: map[password:]: Table not set, please set it like: db.Model(&user) or db.Table("users")
2024/08/18 05:24:05.593170 [repository.edituserpassword]error in updated user password unsupported data type: map[password:]: Table not set, please set it like: db.Model(&user) or db.Table("users")
2024/08/18 05:25:09.407055 [repository.edituserpassword]error in updated user password unsupported data type: map[password:]: Table not set, please set it like: db.Model(&user) or db.Table("users")
2024/08/18 05:25:59.772981 [repository.edituserpassword]error in updated user password unsupported data type: map[password:]: Table not set, please set it like: db.Model(&user) or db.Table("users")
2024/08/18 05:30:51.654892 [repository.edituserpassword]error in updated user password unsupported data type: map[password:]: Table not set, please set it like: db.Model(&user) or db.Table("users")
2024/08/18 05:32:45.768607 [service.getuserbyusername]error in getting user by username  record not found
2024/08/18 05:34:36.535132 [repository.edituserpassword]error in updated user password unsupported data type: map[password:]: Table not set, please set it like: db.Model(&user) or db.Table("users")
2024/08/18 05:35:29.888792 [repository.edituserpassword]error in updated user password unsupported data type: map[password:]: Table not set, please set it like: db.Model(&user) or db.Table("users")
2024/08/18 05:36:14.432472 [repository.edituserpassword]error in updated user password unsupported data type: map[password:]: Table not set, please set it like: db.Model(&user) or db.Table("users")
2024/08/18 05:44:28.310693 [repository.edituserpassword]error in updated user password unsupported data type: map[password:]: Table not set, please set it like: db.Model(&user) or db.Table("users")
2024/08/18 05:45:20.842551 [repository.edituserpassword]error in updated user password unsupported data type: map[password:]: Table not set, please set it like: db.Model(&user) or db.Table("users")
2024/08/18 05:47:27.807692 [repository.edituserpassword]error in updated user password unsupported data type: map[password:]: Table not set, please set it like: db.Model(&user) or db.Table("users")
2024/08/18 05:50:23.454915 [repository.edituserpassword]error in updated user password unsupported data type: map[password:]: Table not set, please set it like: db.Model(&user) or db.Table("users")
2024/08/18 05:51:22.055700 [repository.edituserpassword]error in updated user password unsupported data type: map[password:]: Table not set, please set it like: db.Model(&user) or db.Table("users")
2024/08/18 05:51:47.093629 [repository.edituserpassword]error in updated user password unsupported data type: map[password:]: Table not set, please set it like: db.Model(&user) or db.Table("users")
2024/08/18 05:53:46.619328 [repository.edituserpassword]error in updated user password unsupported data type: map[password:]: Table not set, please set it like: db.Model(&user) or db.Table("users")
2024/08/18 05:56:50.349873 [repository.edituserpassword]error in updated user password unsupported data type: map[password:]: Table not set, please set it like: db.Model(&user) or db.Table("users")
2024/08/18 06:23:22.369218 [controllers.GetTasksByID] invalid task_id path parameter: isdone=false
2024/08/18 06:23:33.549175 [controllers.GetTasksByID] invalid task_id path parameter: :isdone=false
2024/08/18 06:42:03.386709 [controllers.GetTasksByID] invalid task_id path parameter: isdone
2024/08/18 06:42:42.103442 [controllers.GetTasksByID] invalid task_id path parameter: true
2024/08/18 06:42:49.837665 [controllers.GetTasksByID] invalid task_id path parameter: :true
2024/08/20 22:35:07.083598 [service.getuserbyusername]error in getting user by username  record not found
2024/08/20 22:37:47.125311 [service.getuserbyusername]error in getting user by username  record not found
2024/08/20 22:48:31.676737 [service.getalltasksbyid]error in getting all task by id ОШИБКА: в элементе предложения FROM неверная ссылка на таблицу "tasks" (SQLSTATE 42P01)
2024/08/20 22:51:30.369939 [service.getalltasksbyid]error in getting all task by id ОШИБКА: в элементе предложения FROM неверная ссылка на таблицу "tasks" (SQLSTATE 42P01)
2024/08/20 22:59:47.486378 [service.getuserbyusername]error in getting user by username  record not found
2024/08/20 23:00:08.046399 [service.getuserbyusername]error in getting user by username  record not found
2024/08/20 23:00:54.934399 [service.getalltasks]error in getting all task ОШИБКА: в элементе предложения FROM неверная ссылка на таблицу "tasks" (SQLSTATE 42P01)
2024/08/21 04:40:31.017117 [service.getuserbyusername]error in getting user by username  record not found
2024/08/21 04:40:42.779584 [service.getuserbyusername]error in getting user by username  record not found
2024/08/21 04:41:16.896933 [service.getalltasksbyid]error in getting all task by id expected 3 arguments, got 4
2024/08/21 04:43:06.161651 [service.getalltasksbyid]error in getting all task by id expected 3 arguments, got 4
2024/08/21 05:18:30.848639 [service.getuserbyusername]error in getting user by username  record not found
2024/08/21 05:18:37.219459 [service.getuserbyusername]error in getting user by username  record not found
2024/08/21 05:19:15.928182 [service.getalltasks]error in getting all task users: unsupported relations for schema Task
2024/08/21 05:19:28.396113 [service.getalltasksbyid]error in getting all task by id users: unsupported relations for schema Task
2024/08/21 05:19:35.729172 [service.getalltasksbyid]error in getting all task by id users: unsupported relations for schema Task
2024/08/21 05:31:23.846609 [service.getalltasksbyid]error in getting all task by id ОШИБКА: таблица "users" отсутствует в предложении FROM (SQLSTATE 42P01)
2024/08/21 05:35:15.927613 [service.getalltasksbyid]error in getting all task by id ОШИБКА: таблица "users" отсутствует в предложении FROM (SQLSTATE 42P01)
2024/08/22 04:57:56.024470 [service.getuserbyusername]error in getting user by username  record not found
2024/08/22 04:58:59.219953 [service.getuserbyusername]error in getting user by username  record not found
2024/08/22 05:04:03.338291 [service.getuserbyusername]error in getting user by username  record not found
